TN:
SF:/Users/KEUNU/study/block-chain/truffle-tutorial/NoShow/contracts/NoShow.sol
FN:19,onlyClient
FN:24,onlyOwner
FN:29,
FN:33,reservation
FN:41,withdraw
FN:51,clientCome
FNF:6
FNH:6
FNDA:6,onlyClient
FNDA:4,onlyOwner
FNDA:10,
FNDA:4,reservation
FNDA:1,withdraw
FNDA:1,clientCome
DA:20,6
DA:21,4
DA:25,4
DA:26,2
DA:30,10
DA:35,4
DA:36,4
DA:37,4
DA:38,4
DA:42,1
DA:43,1
DA:44,1
DA:46,1
DA:47,1
DA:48,1
DA:52,1
DA:53,1
DA:54,1
DA:56,1
DA:57,1
LF:20
LH:20
BRDA:20,1,0,4
BRDA:20,1,1,2
BRDA:25,2,0,2
BRDA:25,2,1,2
BRDA:43,3,0,1
BRDA:43,3,1,0
BRDA:53,4,0,1
BRDA:53,4,1,0
BRF:8
BRH:6
end_of_record
