TN:
SF:/Users/KEUNU/study/block-chain/truffle-tutorial/NoShow/contracts/NoShow.sol
FN:19,onlyClient
FN:24,onlyOwner
FN:29,
FN:33,reservation
FN:42,withdraw
FN:56,clientCome
FNF:6
FNH:6
FNDA:5,onlyClient
FNDA:4,onlyOwner
FNDA:9,
FNDA:4,reservation
FNDA:1,withdraw
FNDA:1,clientCome
DA:20,5
DA:21,4
DA:25,4
DA:26,2
DA:30,9
DA:35,4
DA:36,4
DA:37,4
DA:38,4
DA:39,4
DA:43,1
DA:44,1
DA:45,1
DA:47,1
DA:48,1
DA:49,1
DA:51,1
DA:52,1
DA:53,1
DA:57,1
DA:58,1
DA:59,1
DA:60,1
DA:62,1
DA:63,1
DA:65,1
DA:66,1
LF:27
LH:27
BRDA:20,1,0,4
BRDA:20,1,1,1
BRDA:25,2,0,2
BRDA:25,2,1,2
BRDA:44,3,0,1
BRDA:44,3,1,0
BRDA:48,4,0,1
BRDA:48,4,1,0
BRDA:59,5,0,1
BRDA:59,5,1,0
BRDA:62,6,0,1
BRDA:62,6,1,0
BRF:12
BRH:8
end_of_record
