{"contracts/NoShow.sol":{"l":{"20":6,"21":4,"25":4,"26":2,"30":10,"35":4,"36":4,"37":4,"38":4,"42":1,"43":1,"44":1,"46":1,"47":1,"48":1,"52":1,"53":1,"54":1,"56":1,"57":1},"path":"/Users/KEUNU/study/block-chain/truffle-tutorial/NoShow/contracts/NoShow.sol","s":{"1":6,"2":4,"3":10,"4":4,"5":4,"6":4,"7":4,"8":1,"9":1,"10":1,"11":1,"12":1,"13":1,"14":1,"15":1},"b":{"1":[4,2],"2":[2,2],"3":[1,0],"4":[1,0]},"f":{"1":6,"2":4,"3":10,"4":4,"5":1,"6":1},"fnMap":{"1":{"name":"onlyClient","line":19,"loc":{"start":{"line":19,"column":4},"end":{"line":19,"column":21}}},"2":{"name":"onlyOwner","line":24,"loc":{"start":{"line":24,"column":4},"end":{"line":24,"column":20}}},"3":{"name":null,"line":29,"loc":{"start":{"line":29,"column":4},"end":{"line":29,"column":22}}},"4":{"name":"reservation","line":33,"loc":{"start":{"line":33,"column":4},"end":{"line":33,"column":50}}},"5":{"name":"withdraw","line":41,"loc":{"start":{"line":41,"column":4},"end":{"line":41,"column":46}}},"6":{"name":"clientCome","line":51,"loc":{"start":{"line":51,"column":4},"end":{"line":51,"column":48}}}},"statementMap":{"1":{"start":{"line":20,"column":8},"end":{"line":20,"column":35}},"2":{"start":{"line":25,"column":8},"end":{"line":25,"column":35}},"3":{"start":{"line":30,"column":8},"end":{"line":30,"column":25}},"4":{"start":{"line":35,"column":8},"end":{"line":35,"column":26}},"5":{"start":{"line":36,"column":8},"end":{"line":36,"column":33}},"6":{"start":{"line":37,"column":8},"end":{"line":37,"column":47}},"7":{"start":{"line":38,"column":8},"end":{"line":38,"column":46}},"8":{"start":{"line":42,"column":8},"end":{"line":42,"column":43}},"9":{"start":{"line":43,"column":8},"end":{"line":43,"column":1203}},"10":{"start":{"line":44,"column":12},"end":{"line":44,"column":37}},"11":{"start":{"line":46,"column":8},"end":{"line":46,"column":47}},"12":{"start":{"line":52,"column":8},"end":{"line":52,"column":43}},"13":{"start":{"line":53,"column":8},"end":{"line":53,"column":1529}},"14":{"start":{"line":54,"column":12},"end":{"line":54,"column":37}},"15":{"start":{"line":56,"column":8},"end":{"line":56,"column":40}}},"branchMap":{"1":{"line":20,"type":"if","locations":[{"start":{"line":20,"column":8},"end":{"line":20,"column":8}},{"start":{"line":20,"column":8},"end":{"line":20,"column":8}}]},"2":{"line":25,"type":"if","locations":[{"start":{"line":25,"column":8},"end":{"line":25,"column":8}},{"start":{"line":25,"column":8},"end":{"line":25,"column":8}}]},"3":{"line":43,"type":"if","locations":[{"start":{"line":43,"column":8},"end":{"line":43,"column":8}},{"start":{"line":43,"column":8},"end":{"line":43,"column":8}}]},"4":{"line":53,"type":"if","locations":[{"start":{"line":53,"column":8},"end":{"line":53,"column":8}},{"start":{"line":53,"column":8},"end":{"line":53,"column":8}}]}}}}