{"contracts/NoShow.sol":{"l":{"20":5,"21":4,"25":4,"26":2,"30":9,"35":4,"36":4,"37":4,"38":4,"39":4,"43":1,"44":1,"45":1,"47":1,"48":1,"49":1,"51":1,"52":1,"53":1,"57":1,"58":1,"59":1,"60":1,"62":1,"63":1,"65":1,"66":1},"path":"/Users/KEUNU/study/block-chain/truffle-tutorial/NoShow/contracts/NoShow.sol","s":{"1":5,"2":4,"3":9,"4":4,"5":4,"6":4,"7":4,"8":4,"9":1,"10":1,"11":1,"12":1,"13":1,"14":1,"15":1,"16":1,"17":1,"18":1,"19":1,"20":1,"21":1,"22":1},"b":{"1":[4,1],"2":[2,2],"3":[1,0],"4":[1,0],"5":[1,0],"6":[1,0]},"f":{"1":5,"2":4,"3":9,"4":4,"5":1,"6":1},"fnMap":{"1":{"name":"onlyClient","line":19,"loc":{"start":{"line":19,"column":4},"end":{"line":19,"column":21}}},"2":{"name":"onlyOwner","line":24,"loc":{"start":{"line":24,"column":4},"end":{"line":24,"column":20}}},"3":{"name":null,"line":29,"loc":{"start":{"line":29,"column":4},"end":{"line":29,"column":22}}},"4":{"name":"reservation","line":33,"loc":{"start":{"line":33,"column":4},"end":{"line":33,"column":72}}},"5":{"name":"withdraw","line":42,"loc":{"start":{"line":42,"column":4},"end":{"line":42,"column":68}}},"6":{"name":"clientCome","line":56,"loc":{"start":{"line":56,"column":4},"end":{"line":56,"column":70}}}},"statementMap":{"1":{"start":{"line":20,"column":8},"end":{"line":20,"column":35}},"2":{"start":{"line":25,"column":8},"end":{"line":25,"column":35}},"3":{"start":{"line":30,"column":8},"end":{"line":30,"column":25}},"4":{"start":{"line":35,"column":8},"end":{"line":35,"column":18}},"5":{"start":{"line":36,"column":8},"end":{"line":36,"column":26}},"6":{"start":{"line":37,"column":8},"end":{"line":37,"column":28}},"7":{"start":{"line":38,"column":8},"end":{"line":38,"column":54}},"8":{"start":{"line":39,"column":8},"end":{"line":39,"column":46}},"9":{"start":{"line":43,"column":8},"end":{"line":43,"column":19}},"10":{"start":{"line":44,"column":8},"end":{"line":44,"column":1291}},"11":{"start":{"line":45,"column":12},"end":{"line":45,"column":47}},"12":{"start":{"line":47,"column":8},"end":{"line":47,"column":25}},"13":{"start":{"line":48,"column":8},"end":{"line":48,"column":1425}},"14":{"start":{"line":49,"column":12},"end":{"line":49,"column":37}},"15":{"start":{"line":51,"column":8},"end":{"line":51,"column":54}},"16":{"start":{"line":57,"column":8},"end":{"line":57,"column":25}},"17":{"start":{"line":58,"column":8},"end":{"line":58,"column":19}},"18":{"start":{"line":59,"column":8},"end":{"line":59,"column":1784}},"19":{"start":{"line":60,"column":12},"end":{"line":60,"column":47}},"20":{"start":{"line":62,"column":8},"end":{"line":62,"column":1890}},"21":{"start":{"line":63,"column":12},"end":{"line":63,"column":37}},"22":{"start":{"line":65,"column":8},"end":{"line":65,"column":47}}},"branchMap":{"1":{"line":20,"type":"if","locations":[{"start":{"line":20,"column":8},"end":{"line":20,"column":8}},{"start":{"line":20,"column":8},"end":{"line":20,"column":8}}]},"2":{"line":25,"type":"if","locations":[{"start":{"line":25,"column":8},"end":{"line":25,"column":8}},{"start":{"line":25,"column":8},"end":{"line":25,"column":8}}]},"3":{"line":44,"type":"if","locations":[{"start":{"line":44,"column":8},"end":{"line":44,"column":8}},{"start":{"line":44,"column":8},"end":{"line":44,"column":8}}]},"4":{"line":48,"type":"if","locations":[{"start":{"line":48,"column":8},"end":{"line":48,"column":8}},{"start":{"line":48,"column":8},"end":{"line":48,"column":8}}]},"5":{"line":59,"type":"if","locations":[{"start":{"line":59,"column":8},"end":{"line":59,"column":8}},{"start":{"line":59,"column":8},"end":{"line":59,"column":8}}]},"6":{"line":62,"type":"if","locations":[{"start":{"line":62,"column":8},"end":{"line":62,"column":8}},{"start":{"line":62,"column":8},"end":{"line":62,"column":8}}]}}}}